2019-01-29 20:01:12 INFO  LoginPage:52 - Clicked on sign in button from home page
2019-01-29 20:01:156 INFO  LoginPage:61 - Passed UserName  : bahubalipr.cse007@gmail.com
2019-01-29 20:01:251 INFO  LoginPage:65 - Passed User Password  : Bahubali@1111
2019-01-29 20:01:341 INFO  LoginPage:75 - rememberCheckBox is displayed and clicked.
2019-01-29 20:01:390 INFO  LoginPage:89 - Forgot Password?Link is visible
2019-01-29 20:01:910 INFO  LoginPage:96 - Clicked On SingIn Button from the home page
2019-01-29 20:01:876 INFO  LoginPage:52 - 
Clicked on sign in button from home page
2019-01-29 20:01:30 INFO  LoginPage:61 - Passed UserName  : bahubalipr.cse007@gmail.com
2019-01-29 20:01:120 INFO  LoginPage:65 - Passed User Password  : Bahubali@1111
2019-01-29 20:01:213 INFO  LoginPage:75 - 
rememberCheckBox is displayed and clicked.
2019-01-29 20:01:268 INFO  LoginPage:89 - 
Forgot Password?Link is visible
2019-01-29 20:01:844 INFO  LoginPage:96 - 
Clicked On SingIn Button from the home page
2019-01-29 20:01:886 INFO  LoginPage:52 - 
Clicked on sign in button from home page
2019-01-29 20:01:05 INFO  LoginPage:61 - Passed UserName  : bahubalipr.cse007@gmail.com
2019-01-29 20:01:63 INFO  LoginPage:65 - Passed User Password  : Bahubali@1111
2019-01-29 20:01:148 INFO  LoginPage:75 - 
rememberCheckBox is displayed and clicked.
2019-01-29 20:01:197 INFO  LoginPage:89 - 
Forgot Password?Link is visible
2019-01-29 20:01:803 INFO  LoginPage:96 - 
Clicked On SingIn Button from the home page
2019-01-29 20:01:505 INFO  LoginPage:52 - 
Clicked on sign in button from home page
2019-01-29 20:01:630 INFO  LoginPage:61 - Passed UserName  : bahubalipr.cse007@gmail.com
2019-01-29 20:01:694 INFO  LoginPage:65 - Passed User Password  : Bahubali@1111
2019-01-29 20:01:795 INFO  LoginPage:75 - 
rememberCheckBox is displayed and clicked.
2019-01-29 20:01:860 INFO  LoginPage:89 - 
Forgot Password?Link is visible
2019-01-29 20:01:02 INFO  LoginPage:96 - 
Clicked On SingIn Button from the home page
2019-01-29 20:01:926 INFO  LoginPage:51 - Clicked on sign in button from home page

2019-01-29 20:01:60 INFO  LoginPage:60 - Passed UserName  : bahubalipr.cse007@gmail.com
2019-01-29 20:01:158 INFO  LoginPage:64 - Passed User Password  : Bahubali@1111
2019-01-29 20:01:251 INFO  LoginPage:74 - 
rememberCheckBox is displayed and clicked.
2019-01-29 20:01:347 INFO  LoginPage:88 - Forgot Password?Link is visible 

2019-01-29 20:01:578 INFO  LoginPage:95 - 
Clicked On SingIn Button from the home page

2019-01-29 20:01:733 INFO  LoginPage:51 - Clicked on sign in button from home page

2019-01-29 20:01:853 INFO  LoginPage:60 - Passed UserName  : bahubalipr.cse007@gmail.com
2019-01-29 20:01:908 INFO  LoginPage:64 - Passed User Password  : Bahubali@1111
2019-01-29 20:01:993 INFO  LoginPage:74 - rememberCheckBox is displayed and clicked.

2019-01-29 20:01:45 INFO  LoginPage:88 - Forgot Password?Link is visible 

2019-01-29 20:01:688 INFO  LoginPage:95 - 
Clicked On SingIn Button from the home page

2019-01-29 20:01:934 INFO  LoginPage:51 - Clicked on sign in button from home page

2019-01-29 20:01:72 INFO  LoginPage:60 - Passed UserName  : bahubalipr.cse007@gmail.com
2019-01-29 20:01:141 INFO  LoginPage:64 - Passed User Password  : Bahubali@1111
2019-01-29 20:01:233 INFO  LoginPage:74 - rememberCheckBox is displayed and clicked.

2019-01-29 20:01:282 INFO  LoginPage:88 - Forgot Password?Link is visible 

2019-01-29 20:01:676 INFO  LoginPage:95 - Clicked On SingIn Button from the home page

2019-01-29 20:01:700 INFO  LoginPage:51 - Clicked on sign in button from home page

2019-01-29 20:01:814 INFO  LoginPage:60 - Passed UserName  : bahubalipr.cse007@gmail.com
2019-01-29 20:01:932 INFO  LoginPage:64 - Passed User Password  : Bahubali@1111

2019-01-29 20:01:32 INFO  LoginPage:74 - rememberCheckBox is displayed and clicked.

2019-01-29 20:01:86 INFO  LoginPage:88 - Forgot Password?Link is visible 

2019-01-29 20:01:361 INFO  LoginPage:95 - Clicked On SingIn Button from the home page

2019-01-29 20:01:495 INFO  LoginPage:51 - Clicked on sign in button from home page

2019-01-29 20:01:612 INFO  LoginPage:60 - Passed UserName  : bahubalipr.cse007@gmail.com
2019-01-29 20:01:702 INFO  LoginPage:64 - Passed User Password  : Bahubali@1111

2019-01-29 20:01:787 INFO  LoginPage:74 - rememberCheckBox is displayed and clicked.

2019-01-29 20:01:839 INFO  LoginPage:88 - Forgot Password?Link is visible 

2019-01-29 20:01:176 INFO  LoginPage:95 - Clicked On SingIn Button from the home page

2019-01-29 20:01:729 INFO  LoginPage:51 - Clicked on sign in button from home page

2019-01-29 20:01:858 INFO  LoginPage:60 - Passed UserName  : bahubalipr.cse007@gmail.com
2019-01-29 20:01:957 INFO  LoginPage:64 - Passed User Password  : Bahubali@1111

2019-01-29 20:01:59 INFO  LoginPage:74 - rememberCheckBox is displayed and clicked.

2019-01-29 20:01:113 INFO  LoginPage:88 - Forgot Password?Link is visible 

2019-01-29 20:01:649 INFO  LoginPage:95 - Clicked On SingIn Button from the home page

2019-01-29 20:01:204 INFO  LoginPage:51 - Clicked on sign in button from home page

2019-01-29 20:01:322 INFO  LoginPage:60 - Passed UserName  : bahubalipr.cse007@gmail.com
2019-01-29 20:01:431 INFO  LoginPage:64 - Passed User Password  : Bahubali@1111

2019-01-29 20:01:527 INFO  LoginPage:74 - rememberCheckBox is displayed and clicked.

2019-01-29 20:01:580 INFO  LoginPage:88 - Forgot Password?Link is visible 

2019-01-29 20:01:71 INFO  LoginPage:95 - Clicked On SingIn Button from the home page

2019-01-29 20:01:309 INFO  LoginPage:51 - Clicked on sign in button from home page

2019-01-29 20:01:477 INFO  LoginPage:60 - Passed UserName  : bahubalipr.cse007@gmail.com
2019-01-29 20:01:537 INFO  LoginPage:64 - Passed User Password  : Bahubali@1111

2019-01-29 20:01:628 INFO  LoginPage:74 - rememberCheckBox is displayed and clicked.

2019-01-29 20:01:678 INFO  LoginPage:88 - Forgot Password?Link is visible 

2019-01-29 20:01:951 INFO  LoginPage:95 - Clicked On SingIn Button from the home page

2019-01-29 20:01:841 INFO  LoginPage:51 - Clicked on sign in button from home page

2019-01-29 20:01:957 INFO  LoginPage:60 - Passed UserName  : bahubalipr.cse007@gmail.com
2019-01-29 20:01:86 INFO  LoginPage:64 - Passed User Password  : Bahubali@1111

2019-01-29 20:01:190 INFO  LoginPage:74 - rememberCheckBox is displayed and clicked.

2019-01-29 20:01:240 INFO  LoginPage:88 - Forgot Password?Link is visible 

2019-01-29 20:01:50 INFO  LoginPage:95 - Clicked On SingIn Button from the home page

2019-01-29 21:01:13 INFO  LoginPage:51 - Clicked on sign in button from home page

2019-01-29 21:01:96 INFO  LoginPage:60 - Passed UserName  : bahubalipr.cse007@gmail.com
2019-01-29 21:01:157 INFO  LoginPage:64 - Passed User Password  : Bahubali@1111

2019-01-29 21:01:242 INFO  LoginPage:74 - rememberCheckBox is displayed and clicked.

2019-01-29 21:01:288 INFO  LoginPage:88 - Forgot Password?Link is visible 

2019-01-29 21:01:836 INFO  LoginPage:95 - Clicked On SingIn Button from the home page

2019-01-29 21:01:490 INFO  LoginPage:51 - Clicked on sign in button from home page

2019-01-29 21:01:613 INFO  LoginPage:60 - Passed UserName  : bahubalipr.cse007@gmail.com
2019-01-29 21:01:700 INFO  LoginPage:64 - Passed User Password  : Bahubali@1111

2019-01-29 21:01:790 INFO  LoginPage:74 - rememberCheckBox is displayed and clicked.

2019-01-29 21:01:845 INFO  LoginPage:88 - Forgot Password?Link is visible 

2019-01-29 21:01:402 INFO  LoginPage:95 - Clicked On SingIn Button from the home page

2019-01-29 21:01:833 INFO  LoginPage:51 - Clicked on sign in button from home page

2019-01-29 21:01:973 INFO  LoginPage:60 - Passed UserName  : bahubalipr.cse007@gmail.com
2019-01-29 21:01:77 INFO  LoginPage:64 - Passed User Password  : Bahubali@1111

2019-01-29 21:01:169 INFO  LoginPage:74 - rememberCheckBox is displayed and clicked.

2019-01-29 21:01:220 INFO  LoginPage:88 - Forgot Password?Link is visible 

2019-01-29 21:01:727 INFO  LoginPage:95 - Clicked On SingIn Button from the home page

2019-01-29 21:01:696 INFO  LoginPage:54 - Clicked on sign in button from home page

2019-01-29 21:01:779 INFO  LoginPage:63 - Passed UserName  : bahubalipr.cse007@gmail.com
2019-01-29 21:01:834 INFO  LoginPage:67 - Passed User Password  : Bahubali@1111

2019-01-29 21:01:921 INFO  LoginPage:77 - rememberCheckBox is displayed and clicked.

2019-01-29 21:01:976 INFO  LoginPage:91 - Forgot Password?Link is visible 

2019-01-29 21:01:406 INFO  LoginPage:98 - Clicked On SingIn Button from the home page

2019-01-29 21:01:248 INFO  LoginPage:54 - Clicked on sign in button from home page

2019-01-29 21:01:393 INFO  LoginPage:63 - Passed UserName  : bahubalipr.cse007@gmail.com
2019-01-29 21:01:469 INFO  LoginPage:67 - Passed User Password  : Bahubali@1111

2019-01-29 21:01:565 INFO  LoginPage:77 - rememberCheckBox is displayed and clicked.

2019-01-29 21:01:616 INFO  LoginPage:91 - Forgot Password?Link is visible 

2019-01-29 21:01:372 INFO  LoginPage:98 - Clicked On SingIn Button from the home page

2019-01-29 21:01:529 INFO  LoginPage:54 - Clicked on sign in button from home page

2019-01-29 21:01:658 INFO  LoginPage:63 - Passed UserName  : bahubalipr.cse007@gmail.com
2019-01-29 21:01:716 INFO  LoginPage:67 - Passed User Password  : Bahubali@1111

2019-01-29 21:01:805 INFO  LoginPage:77 - rememberCheckBox is displayed and clicked.

2019-01-29 21:01:857 INFO  LoginPage:91 - Forgot Password?Link is visible 

2019-01-29 21:01:584 INFO  LoginPage:98 - Clicked On SingIn Button from the home page

2019-01-29 21:01:639 INFO  LoginPage:105 - Successfully Logged In
2019-01-29 22:01:435 INFO  LoginPage:55 - Clicked on sign in button from home page

2019-01-29 22:01:527 INFO  LoginPage:65 - Passed UserName  : bahubalipr.cse007@gmail.com
2019-01-29 22:01:580 INFO  LoginPage:69 - Passed User Password  : Bahubali@1111

2019-01-29 22:01:684 INFO  LoginPage:79 - rememberCheckBox is displayed and clicked.

2019-01-29 22:01:741 INFO  LoginPage:93 - Forgot Password?Link is visible 

2019-01-29 22:01:76 INFO  LoginPage:100 - Clicked On SingIn Button from the home page

2019-01-29 22:01:931 INFO  LoginPage:55 - Clicked on sign in button from home page

2019-01-29 22:01:15 INFO  LoginPage:65 - Passed UserName  : bahubalipr.cse007@gmail.com
2019-01-29 22:01:67 INFO  LoginPage:69 - Passed User Password  : Bahubali@1111

2019-01-29 22:01:153 INFO  LoginPage:79 - rememberCheckBox is displayed and clicked.

2019-01-29 22:01:213 INFO  LoginPage:93 - Forgot Password?Link is visible 

2019-01-29 22:01:685 INFO  LoginPage:100 - Clicked On SingIn Button from the home page

2019-01-29 22:01:277 INFO  LoginPage:107 - Successfully Logged In
2019-01-29 22:01:839 INFO  LoginPage:55 - Clicked on sign in button from home page

2019-01-29 22:01:923 INFO  LoginPage:65 - Passed UserName  : bahubalipr.cse007@gmail.com
2019-01-29 22:01:977 INFO  LoginPage:69 - Passed User Password  : Bahubali@1111

2019-01-29 22:01:90 INFO  LoginPage:79 - rememberCheckBox is displayed and clicked.

2019-01-29 22:01:139 INFO  LoginPage:93 - Forgot Password?Link is visible 

2019-01-29 22:01:336 INFO  LoginPage:100 - Clicked On SingIn Button from the home page

2019-01-29 22:01:951 INFO  LoginPage:107 - Successfully Logged In
2019-01-29 22:01:289 INFO  LoginPage:55 - Clicked on sign in button from home page

2019-01-29 22:01:382 INFO  LoginPage:65 - Passed UserName  : bahubalipr.cse007@gmail.com
2019-01-29 22:01:436 INFO  LoginPage:69 - Passed User Password  : Bahubali@1111

2019-01-29 22:01:535 INFO  LoginPage:79 - rememberCheckBox is displayed and clicked.

2019-01-29 22:01:589 INFO  LoginPage:93 - Forgot Password?Link is visible 

2019-01-29 22:01:845 INFO  LoginPage:100 - Clicked On SingIn Button from the home page

2019-01-29 22:01:650 INFO  LoginPage:54 - Clicked on sign in button from home page

2019-01-29 22:01:751 INFO  LoginPage:61 - Passed UserName  : bahubalipr.cse007@gmail.com
2019-01-29 22:01:814 INFO  LoginPage:64 - Passed User Password  : Bahubali@1111

2019-01-29 22:01:929 INFO  LoginPage:74 - rememberCheckBox is displayed and clicked.

2019-01-29 22:01:987 INFO  LoginPage:88 - Forgot Password?Link is visible 

2019-01-29 22:01:282 INFO  LoginPage:95 - Clicked On SingIn Button from the home page

2019-01-29 22:01:396 INFO  LoginPage:54 - Clicked on sign in button from home page

2019-01-29 22:01:503 INFO  LoginPage:61 - Passed UserName  : bahubalipr.cse007@gmail.com
2019-01-29 22:01:561 INFO  LoginPage:64 - Passed User Password  : Bahubali@1111

2019-01-29 22:01:669 INFO  LoginPage:74 - rememberCheckBox is displayed and clicked.

2019-01-29 22:01:718 INFO  LoginPage:88 - Forgot Password?Link is visible 

2019-01-29 22:01:83 INFO  LoginPage:95 - Clicked On SingIn Button from the home page

2019-01-29 22:01:689 INFO  LoginPage:102 - Successfully Logged In
2019-01-29 23:01:610 INFO  LoginPage:54 - Clicked on sign in button from home page

2019-01-29 23:01:697 INFO  LoginPage:60 - Passed UserName  : bahubalipr.cse007@gmail.com
2019-01-29 23:01:753 INFO  LoginPage:63 - Passed User Password  : Bahubali@1111

2019-01-29 23:01:886 INFO  LoginPage:73 - rememberCheckBox is displayed and clicked.

2019-01-29 23:01:947 INFO  LoginPage:86 - Forgot Password?Link is visible 

2019-01-29 23:01:467 INFO  LoginPage:93 - Clicked On SingIn Button from the home page

2019-01-29 23:01:79 INFO  LoginPage:100 - Successfully Logged In
2019-01-29 23:01:160 INFO  RegistrationPage:121 - Clicked on Signup button from the home page

2019-01-29 23:01:843 INFO  RegistrationPage:125 - Entered User Name : [[ChromeDriver: chrome on XP (b8a4b4af828cd955e52532322b6ce5fd)] -> xpath: .//input[@name='firstName']]
2019-01-29 23:01:980 INFO  RegistrationPage:129 - Entered Last Name : [[ChromeDriver: chrome on XP (b8a4b4af828cd955e52532322b6ce5fd)] -> xpath: .//input[@name='lastName']]
2019-01-29 23:01:101 INFO  RegistrationPage:133 - Entered Email Address : [[ChromeDriver: chrome on XP (b8a4b4af828cd955e52532322b6ce5fd)] -> xpath: .//input[@name='email']]

2019-01-29 23:01:327 INFO  RegistrationPage:148 - Selected Month
2019-01-29 23:01:499 INFO  RegistrationPage:153 - Selected Day
2019-01-29 23:01:955 INFO  RegistrationPage:158 - Selected Year

2019-01-29 23:01:114 INFO  RegistrationPage:163 - Selected Gender

2019-01-29 23:01:314 INFO  RegistrationPage:167 - Clicked On Next Location Button

2019-01-29 23:01:474 INFO  RegistrationPage:182 - Entered Location.
2019-01-29 23:01:602 INFO  RegistrationPage:187 - Entered Zip.
2019-01-29 23:01:885 INFO  RegistrationPage:198 - Clicked On Next Device Button.

2019-01-29 23:01:331 INFO  RegistrationPage:205 - Clicked On Last Step Button.

2019-01-29 23:01:511 INFO  RegistrationPage:211 - Entered Password
2019-01-29 23:01:602 INFO  RegistrationPage:213 - Entered Confirm Password
2019-01-29 23:01:689 INFO  RegistrationPage:217 - uTestTermsUseCheck has been selected
2019-01-29 23:01:775 INFO  RegistrationPage:224 - privacyAndSecurity has been selected
2019-01-29 23:01:910 INFO  RegistrationPage:231 - Clicked On Complete SetUp Button
2019-01-29 23:01:569 INFO  LoginPage:54 - Clicked on sign in button from home page

2019-01-29 23:01:643 INFO  LoginPage:60 - Passed UserName  : bahubalipr.cse007@gmail.com
2019-01-29 23:01:695 INFO  LoginPage:63 - Passed User Password  : Bahubali@1111

2019-01-29 23:01:791 INFO  LoginPage:73 - rememberCheckBox is displayed and clicked.

2019-01-29 23:01:840 INFO  LoginPage:86 - Forgot Password?Link is visible 

2019-01-29 23:01:54 INFO  LoginPage:93 - Clicked On SingIn Button from the home page

2019-01-29 23:01:612 INFO  LoginPage:100 - Successfully Logged In
2019-01-29 23:01:943 INFO  RegistrationPage:121 - Clicked on Signup button from the home page

2019-01-29 23:01:698 INFO  RegistrationPage:125 - Entered User Name : [[ChromeDriver: chrome on XP (33c10cb53126cf23a8b54bb418de25d2)] -> xpath: .//input[@name='firstName']]
2019-01-29 23:01:845 INFO  RegistrationPage:129 - Entered Last Name : [[ChromeDriver: chrome on XP (33c10cb53126cf23a8b54bb418de25d2)] -> xpath: .//input[@name='lastName']]
2019-01-29 23:01:993 INFO  RegistrationPage:133 - Entered Email Address : [[ChromeDriver: chrome on XP (33c10cb53126cf23a8b54bb418de25d2)] -> xpath: .//input[@name='email']]

2019-01-29 23:01:174 INFO  RegistrationPage:148 - Selected Month
2019-01-29 23:01:378 INFO  RegistrationPage:153 - Selected Day
2019-01-29 23:01:845 INFO  RegistrationPage:158 - Selected Year

2019-01-29 23:01:19 INFO  RegistrationPage:163 - Selected Gender

2019-01-29 23:01:210 INFO  RegistrationPage:167 - Clicked On Next Location Button

2019-01-29 23:01:427 INFO  RegistrationPage:182 - Entered Location.
2019-01-29 23:01:534 INFO  RegistrationPage:187 - Entered Zip.
2019-01-29 23:01:619 INFO  RegistrationPage:198 - Clicked On Next Device Button.

2019-01-29 23:01:587 INFO  LoginPage:54 - Clicked on sign in button from home page

2019-01-29 23:01:667 INFO  LoginPage:60 - Passed UserName  : bahubalipr.cse007@gmail.com
2019-01-29 23:01:720 INFO  LoginPage:63 - Passed User Password  : Bahubali@1111

2019-01-29 23:01:808 INFO  LoginPage:73 - rememberCheckBox is displayed and clicked.

2019-01-29 23:01:858 INFO  LoginPage:86 - Forgot Password?Link is visible 

2019-01-29 23:01:113 INFO  LoginPage:93 - Clicked On SingIn Button from the home page

2019-01-29 23:01:689 INFO  LoginPage:100 - Successfully Logged In
2019-01-29 23:01:715 INFO  RegistrationPage:121 - Clicked on Signup button from the home page

2019-01-29 23:01:416 INFO  RegistrationPage:125 - Entered User Name : [[ChromeDriver: chrome on XP (e2bbc6bf8ceb36e739573fd20fe21c1c)] -> xpath: .//input[@name='firstName']]
2019-01-29 23:01:576 INFO  RegistrationPage:129 - Entered Last Name : [[ChromeDriver: chrome on XP (e2bbc6bf8ceb36e739573fd20fe21c1c)] -> xpath: .//input[@name='lastName']]
2019-01-29 23:01:717 INFO  RegistrationPage:133 - Entered Email Address : [[ChromeDriver: chrome on XP (e2bbc6bf8ceb36e739573fd20fe21c1c)] -> xpath: .//input[@name='email']]

2019-01-29 23:01:899 INFO  RegistrationPage:148 - Selected Month
2019-01-29 23:01:97 INFO  RegistrationPage:153 - Selected Day
2019-01-29 23:01:553 INFO  RegistrationPage:158 - Selected Year

2019-01-29 23:01:703 INFO  RegistrationPage:163 - Selected Gender

2019-01-29 23:01:907 INFO  RegistrationPage:167 - Clicked On Next Location Button

2019-01-29 23:01:102 INFO  RegistrationPage:182 - Entered Location.
2019-01-29 23:01:235 INFO  RegistrationPage:187 - Entered Zip.
2019-01-29 23:01:535 INFO  RegistrationPage:198 - Clicked On Next Device Button.

2019-01-29 23:01:939 INFO  RegistrationPage:204 - Clicked On Last Step Button.

2019-01-29 23:01:117 INFO  RegistrationPage:210 - Entered Password
2019-01-29 23:01:216 INFO  RegistrationPage:212 - Entered Confirm Password
2019-01-29 23:01:350 INFO  RegistrationPage:216 - uTestTermsUseCheck has been selected
2019-01-29 23:01:944 INFO  RegistrationPage:223 - privacyAndSecurity has been selected
2019-01-29 23:01:93 INFO  RegistrationPage:229 - Clicked On Complete SetUp Button
2019-01-29 23:01:506 INFO  RegistrationPage:121 - Clicked on Signup button from the home page

2019-01-29 23:01:230 INFO  RegistrationPage:125 - Entered User Name : [[ChromeDriver: chrome on XP (2a77bb589025f45c1ba09c546a7e6b3b)] -> xpath: .//input[@name='firstName']]
2019-01-29 23:01:370 INFO  RegistrationPage:129 - Entered Last Name : [[ChromeDriver: chrome on XP (2a77bb589025f45c1ba09c546a7e6b3b)] -> xpath: .//input[@name='lastName']]
2019-01-29 23:01:484 INFO  RegistrationPage:133 - Entered Email Address : [[ChromeDriver: chrome on XP (2a77bb589025f45c1ba09c546a7e6b3b)] -> xpath: .//input[@name='email']]

2019-01-29 23:01:663 INFO  RegistrationPage:148 - Selected Month
2019-01-29 23:01:879 INFO  RegistrationPage:153 - Selected Day
2019-01-29 23:01:358 INFO  RegistrationPage:158 - Selected Year

2019-01-29 23:01:547 INFO  RegistrationPage:163 - Selected Gender

2019-01-29 23:01:715 INFO  RegistrationPage:167 - Clicked On Next Location Button

2019-01-29 23:01:973 INFO  RegistrationPage:182 - Entered Location.
2019-01-29 23:01:150 INFO  RegistrationPage:187 - Entered Zip.
2019-01-29 23:01:406 INFO  RegistrationPage:198 - Clicked On Next Device Button.

2019-01-29 23:01:702 INFO  RegistrationPage:204 - Clicked On Last Step Button.

2019-01-29 23:01:871 INFO  RegistrationPage:210 - Entered Password
2019-01-29 23:01:968 INFO  RegistrationPage:212 - Entered Confirm Password
2019-01-29 23:01:67 INFO  RegistrationPage:216 - uTestTermsUseCheck has been selected
2019-01-29 23:01:168 INFO  RegistrationPage:223 - privacyAndSecurity has been selected
2019-01-29 23:01:239 INFO  RegistrationPage:229 - Clicked On Complete SetUp Button
2019-01-29 23:01:866 INFO  LoginPage:54 - Clicked on sign in button from home page

2019-01-29 23:01:952 INFO  LoginPage:60 - Passed UserName  : bahubalipr.cse007@gmail.com
2019-01-29 23:01:07 INFO  LoginPage:63 - Passed User Password  : Bahubali@1111

2019-01-29 23:01:136 INFO  LoginPage:73 - rememberCheckBox is displayed and clicked.

2019-01-29 23:01:188 INFO  LoginPage:86 - Forgot Password?Link is visible 

2019-01-29 23:01:343 INFO  LoginPage:93 - Clicked On SingIn Button from the home page

2019-01-29 23:01:933 INFO  LoginPage:100 - Successfully Logged In
2019-01-30 10:01:578 INFO  RegistrationPage:120 - Clicked on Signup button from the home page

2019-01-30 10:01:315 INFO  RegistrationPage:124 - Entered User Name : [[ChromeDriver: chrome on XP (19ed9b45fc78925daa899f672585d491)] -> xpath: .//input[@name='firstName']]
2019-01-30 10:01:403 INFO  RegistrationPage:128 - Entered Last Name : [[ChromeDriver: chrome on XP (19ed9b45fc78925daa899f672585d491)] -> xpath: .//input[@name='lastName']]
2019-01-30 10:01:570 INFO  RegistrationPage:132 - Entered Email Address : [[ChromeDriver: chrome on XP (19ed9b45fc78925daa899f672585d491)] -> xpath: .//input[@name='email']]

2019-01-30 10:01:48 INFO  RegistrationPage:147 - Selected Month
2019-01-30 10:01:372 INFO  RegistrationPage:152 - Selected Day
2019-01-30 10:01:763 INFO  RegistrationPage:157 - Selected Year

2019-01-30 10:01:986 INFO  RegistrationPage:162 - Selected Gender

2019-01-30 10:01:156 INFO  RegistrationPage:166 - Clicked On Next Location Button

2019-01-30 10:01:348 INFO  RegistrationPage:181 - Entered Location.
2019-01-30 10:01:475 INFO  RegistrationPage:186 - Entered Zip.
2019-01-30 10:01:578 INFO  RegistrationPage:197 - Clicked On Next Device Button.

2019-01-30 10:01:585 INFO  LoginPage:54 - Clicked on sign in button from home page

2019-01-30 10:01:667 INFO  LoginPage:60 - Passed UserName  : bahubalipr.cse007@gmail.com
2019-01-30 10:01:721 INFO  LoginPage:63 - Passed User Password  : Bahubali@1111

2019-01-30 10:01:826 INFO  LoginPage:73 - rememberCheckBox is displayed and clicked.

2019-01-30 10:01:883 INFO  LoginPage:86 - Forgot Password?Link is visible 

2019-01-30 10:01:992 INFO  LoginPage:93 - Clicked On SingIn Button from the home page

2019-01-30 10:01:61 INFO  LoginPage:100 - Successfully Logged In
2019-01-30 10:01:999 INFO  RegistrationPage:120 - Clicked on Signup button from the home page

2019-01-30 10:01:708 INFO  RegistrationPage:124 - Entered User Name : [[ChromeDriver: chrome on XP (9cc49f2ad4e64da60c09dbf958c910c9)] -> xpath: .//input[@name='firstName']]
2019-01-30 10:01:868 INFO  RegistrationPage:128 - Entered Last Name : [[ChromeDriver: chrome on XP (9cc49f2ad4e64da60c09dbf958c910c9)] -> xpath: .//input[@name='lastName']]
2019-01-30 10:01:05 INFO  RegistrationPage:132 - Entered Email Address : [[ChromeDriver: chrome on XP (9cc49f2ad4e64da60c09dbf958c910c9)] -> xpath: .//input[@name='email']]

2019-01-30 10:01:196 INFO  RegistrationPage:147 - Selected Month
2019-01-30 10:01:392 INFO  RegistrationPage:152 - Selected Day
2019-01-30 10:01:866 INFO  RegistrationPage:157 - Selected Year

2019-01-30 10:01:59 INFO  RegistrationPage:162 - Selected Gender

2019-01-30 10:01:749 INFO  RegistrationPage:166 - Clicked On Next Location Button

2019-01-30 10:01:934 INFO  RegistrationPage:181 - Entered Location.
2019-01-30 10:01:50 INFO  RegistrationPage:186 - Entered Zip.
2019-01-30 10:01:139 INFO  RegistrationPage:197 - Clicked On Next Device Button.

2019-01-30 10:01:100 INFO  RegistrationPage:204 - Clicked On Last Step Button.

2019-01-30 10:01:263 INFO  RegistrationPage:210 - Entered Password
2019-01-30 10:01:363 INFO  RegistrationPage:212 - Entered Confirm Password
2019-01-30 10:01:459 INFO  RegistrationPage:216 - uTestTermsUseCheck has been selected
2019-01-30 10:01:578 INFO  RegistrationPage:223 - privacyAndSecurity has been selected
2019-01-30 10:01:682 INFO  RegistrationPage:229 - Clicked On Complete SetUp Button
2019-01-30 10:01:501 INFO  LoginPage:54 - Clicked on sign in button from home page

2019-01-30 10:01:581 INFO  LoginPage:60 - Passed UserName  : bahubalipr.cse007@gmail.com
2019-01-30 10:01:635 INFO  LoginPage:63 - Passed User Password  : Bahubali@1111

2019-01-30 10:01:738 INFO  LoginPage:73 - rememberCheckBox is displayed and clicked.

2019-01-30 10:01:793 INFO  LoginPage:86 - Forgot Password?Link is visible 

2019-01-30 10:01:973 INFO  LoginPage:93 - Clicked On SingIn Button from the home page

2019-01-30 10:01:32 INFO  LoginPage:100 - Successfully Logged In
2019-01-30 10:01:184 INFO  RegistrationPage:120 - Clicked on Signup button from the home page

2019-01-30 10:01:07 INFO  RegistrationPage:124 - Entered User Name : [[ChromeDriver: chrome on XP (b6bf799a3cf10dcb913f75590dcc5eab)] -> xpath: .//input[@name='firstName']]
2019-01-30 10:01:101 INFO  RegistrationPage:128 - Entered Last Name : [[ChromeDriver: chrome on XP (b6bf799a3cf10dcb913f75590dcc5eab)] -> xpath: .//input[@name='lastName']]
2019-01-30 10:01:241 INFO  RegistrationPage:132 - Entered Email Address : [[ChromeDriver: chrome on XP (b6bf799a3cf10dcb913f75590dcc5eab)] -> xpath: .//input[@name='email']]

2019-01-30 10:01:431 INFO  RegistrationPage:147 - Selected Month
2019-01-30 10:01:651 INFO  RegistrationPage:152 - Selected Day
2019-01-30 10:01:186 INFO  RegistrationPage:157 - Selected Year

2019-01-30 10:01:205 INFO  RegistrationPage:162 - Selected Gender

2019-01-30 10:01:641 INFO  RegistrationPage:166 - Clicked On Next Location Button

2019-01-30 10:01:812 INFO  RegistrationPage:181 - Entered Location.
2019-01-30 10:01:931 INFO  RegistrationPage:186 - Entered Zip.
2019-01-30 10:01:63 INFO  RegistrationPage:198 - Clicked On Next Device Button.

2019-01-30 10:01:274 INFO  LoginPage:54 - Clicked on sign in button from home page

2019-01-30 10:01:358 INFO  LoginPage:60 - Passed UserName  : bahubalipr.cse007@gmail.com
2019-01-30 10:01:413 INFO  LoginPage:63 - Passed User Password  : Bahubali@1111

2019-01-30 10:01:520 INFO  LoginPage:73 - rememberCheckBox is displayed and clicked.

2019-01-30 10:01:574 INFO  LoginPage:86 - Forgot Password?Link is visible 

2019-01-30 10:01:832 INFO  LoginPage:93 - Clicked On SingIn Button from the home page

2019-01-30 10:01:393 INFO  LoginPage:100 - Successfully Logged In
2019-01-30 10:01:867 INFO  RegistrationPage:120 - Clicked on Signup button from the home page

2019-01-30 10:01:580 INFO  RegistrationPage:124 - Entered User Name : [[ChromeDriver: chrome on XP (0ca2c7b756098da12346c49007f2075d)] -> xpath: .//input[@name='firstName']]
2019-01-30 10:01:745 INFO  RegistrationPage:128 - Entered Last Name : [[ChromeDriver: chrome on XP (0ca2c7b756098da12346c49007f2075d)] -> xpath: .//input[@name='lastName']]
2019-01-30 10:01:877 INFO  RegistrationPage:132 - Entered Email Address : [[ChromeDriver: chrome on XP (0ca2c7b756098da12346c49007f2075d)] -> xpath: .//input[@name='email']]

2019-01-30 10:01:75 INFO  RegistrationPage:147 - Selected Month
2019-01-30 10:01:263 INFO  RegistrationPage:152 - Selected Day
2019-01-30 10:01:697 INFO  RegistrationPage:157 - Selected Year

2019-01-30 10:01:759 INFO  RegistrationPage:162 - Selected Gender

2019-01-30 10:01:115 INFO  RegistrationPage:166 - Clicked On Next Location Button

2019-01-30 10:01:324 INFO  RegistrationPage:181 - Entered Location.
2019-01-30 10:01:445 INFO  RegistrationPage:186 - Entered Zip.
2019-01-30 10:01:704 INFO  RegistrationPage:198 - Clicked On Next Device Button.

2019-01-30 10:01:842 INFO  RegistrationPage:205 - Clicked On Last Step Button.

2019-01-30 10:01:993 INFO  RegistrationPage:211 - Entered Password
2019-01-30 10:01:88 INFO  RegistrationPage:213 - Entered Confirm Password
2019-01-30 10:01:196 INFO  RegistrationPage:217 - uTestTermsUseCheck has been selected
2019-01-30 10:01:297 INFO  RegistrationPage:224 - privacyAndSecurity has been selected
2019-01-30 10:01:366 INFO  RegistrationPage:230 - Clicked On Complete SetUp Button
2019-01-30 10:01:433 INFO  LoginPage:54 - Clicked on sign in button from home page

2019-01-30 10:01:518 INFO  LoginPage:60 - Passed UserName  : bahubalipr.cse007@gmail.com
2019-01-30 10:01:573 INFO  LoginPage:63 - Passed User Password  : Bahubali@1111

2019-01-30 10:01:687 INFO  LoginPage:73 - rememberCheckBox is displayed and clicked.

2019-01-30 10:01:722 INFO  LoginPage:86 - Forgot Password?Link is visible 

2019-01-30 10:01:686 INFO  LoginPage:93 - Clicked On SingIn Button from the home page

2019-01-30 10:01:257 INFO  LoginPage:100 - Successfully Logged In
2019-01-30 10:01:334 INFO  RegistrationPage:120 - Clicked on Signup button from the home page

2019-01-30 10:01:10 INFO  RegistrationPage:124 - Entered User Name : [[ChromeDriver: chrome on XP (3b7080995219e27453b45c6a2f2749db)] -> xpath: .//input[@name='firstName']]
2019-01-30 10:01:171 INFO  RegistrationPage:128 - Entered Last Name : [[ChromeDriver: chrome on XP (3b7080995219e27453b45c6a2f2749db)] -> xpath: .//input[@name='lastName']]
2019-01-30 10:01:295 INFO  RegistrationPage:132 - Entered Email Address : [[ChromeDriver: chrome on XP (3b7080995219e27453b45c6a2f2749db)] -> xpath: .//input[@name='email']]

2019-01-30 10:01:479 INFO  RegistrationPage:147 - Selected Month
2019-01-30 10:01:669 INFO  RegistrationPage:152 - Selected Day
2019-01-30 10:01:90 INFO  RegistrationPage:157 - Selected Year

2019-01-30 10:01:244 INFO  RegistrationPage:162 - Selected Gender

2019-01-30 10:01:441 INFO  RegistrationPage:166 - Clicked On Next Location Button

2019-01-30 10:01:683 INFO  RegistrationPage:181 - Entered Location.
2019-01-30 10:01:883 INFO  RegistrationPage:186 - Entered Zip.
2019-01-30 10:01:153 INFO  RegistrationPage:198 - Clicked On Next Device Button.

2019-01-30 10:01:348 INFO  RegistrationPage:205 - Clicked On Last Step Button.

2019-01-30 10:01:512 INFO  RegistrationPage:211 - Entered Password
2019-01-30 10:01:605 INFO  RegistrationPage:213 - Entered Confirm Password
2019-01-30 10:01:711 INFO  RegistrationPage:217 - uTestTermsUseCheck has been selected
2019-01-30 10:01:812 INFO  RegistrationPage:224 - privacyAndSecurity has been selected
2019-01-30 10:01:884 INFO  RegistrationPage:230 - Clicked On Complete SetUp Button
2019-01-30 10:01:909 INFO  LoginPage:54 - Clicked on sign in button from home page

2019-01-30 10:01:995 INFO  LoginPage:60 - Passed UserName  : bahubalipr.cse007@gmail.com
2019-01-30 10:01:53 INFO  LoginPage:63 - Passed User Password  : Bahubali@1111

2019-01-30 10:01:150 INFO  LoginPage:73 - rememberCheckBox is displayed and clicked.

2019-01-30 10:01:197 INFO  LoginPage:86 - Forgot Password?Link is visible 

2019-01-30 10:01:513 INFO  LoginPage:93 - Clicked On SingIn Button from the home page

2019-01-30 10:01:67 INFO  LoginPage:100 - Successfully Logged In
2019-01-30 10:01:756 INFO  RegistrationPage:120 - Clicked on Signup button from the home page

2019-01-30 10:01:456 INFO  RegistrationPage:124 - Entered User Name : [[ChromeDriver: chrome on XP (4e92c7ba62c794a6ccfd46039fda2aae)] -> xpath: .//input[@name='firstName']]
2019-01-30 10:01:598 INFO  RegistrationPage:128 - Entered Last Name : [[ChromeDriver: chrome on XP (4e92c7ba62c794a6ccfd46039fda2aae)] -> xpath: .//input[@name='lastName']]
2019-01-30 10:01:740 INFO  RegistrationPage:132 - Entered Email Address : [[ChromeDriver: chrome on XP (4e92c7ba62c794a6ccfd46039fda2aae)] -> xpath: .//input[@name='email']]

2019-01-30 10:01:905 INFO  RegistrationPage:147 - Selected Month
2019-01-30 10:01:90 INFO  RegistrationPage:152 - Selected Day
2019-01-30 10:01:562 INFO  RegistrationPage:157 - Selected Year

2019-01-30 10:01:744 INFO  RegistrationPage:162 - Selected Gender

2019-01-30 10:01:263 INFO  RegistrationPage:166 - Clicked On Next Location Button

2019-01-30 10:01:464 INFO  RegistrationPage:181 - Entered Location.
2019-01-30 10:01:589 INFO  RegistrationPage:186 - Entered Zip.
2019-01-30 10:01:853 INFO  RegistrationPage:198 - Clicked On Next Device Button.

2019-01-30 10:01:17 INFO  RegistrationPage:205 - Clicked On Last Step Button.

2019-01-30 10:01:183 INFO  RegistrationPage:211 - Entered Password
2019-01-30 10:01:299 INFO  RegistrationPage:213 - Entered Confirm Password
2019-01-30 10:01:400 INFO  RegistrationPage:217 - uTestTermsUseCheck has been selected
2019-01-30 10:01:500 INFO  RegistrationPage:224 - privacyAndSecurity has been selected
2019-01-30 10:01:590 INFO  RegistrationPage:230 - Clicked On Complete SetUp Button
2019-01-30 10:01:292 INFO  LoginPage:54 - Clicked on sign in button from home page

2019-01-30 10:01:380 INFO  LoginPage:60 - Passed UserName  : bahubalipr.cse007@gmail.com
2019-01-30 10:01:439 INFO  LoginPage:63 - Passed User Password  : Bahubali@1111

2019-01-30 10:01:562 INFO  LoginPage:73 - rememberCheckBox is displayed and clicked.

2019-01-30 10:01:595 INFO  LoginPage:86 - Forgot Password?Link is visible 

2019-01-30 10:01:320 INFO  LoginPage:93 - Clicked On SingIn Button from the home page

2019-01-30 10:01:401 INFO  LoginPage:100 - Successfully Logged In
2019-01-30 10:01:194 INFO  RegistrationPage:120 - Clicked on Signup button from the home page

2019-01-30 10:01:982 INFO  RegistrationPage:124 - Entered User Name : [[ChromeDriver: chrome on XP (85204b3e19c977ececc42a80e7a07b8d)] -> xpath: .//input[@name='firstName']]
2019-01-30 10:01:82 INFO  RegistrationPage:128 - Entered Last Name : [[ChromeDriver: chrome on XP (85204b3e19c977ececc42a80e7a07b8d)] -> xpath: .//input[@name='lastName']]
2019-01-30 10:01:211 INFO  RegistrationPage:132 - Entered Email Address : [[ChromeDriver: chrome on XP (85204b3e19c977ececc42a80e7a07b8d)] -> xpath: .//input[@name='email']]

2019-01-30 10:01:386 INFO  RegistrationPage:147 - Selected Month
2019-01-30 10:01:574 INFO  RegistrationPage:152 - Selected Day
2019-01-30 10:01:28 INFO  RegistrationPage:157 - Selected Year

2019-01-30 10:01:168 INFO  RegistrationPage:162 - Selected Gender

2019-01-30 10:01:337 INFO  RegistrationPage:166 - Clicked On Next Location Button

2019-01-30 10:01:534 INFO  RegistrationPage:181 - Entered Location.
2019-01-30 10:01:711 INFO  RegistrationPage:186 - Entered Zip.
2019-01-30 10:01:168 INFO  RegistrationPage:198 - Clicked On Next Device Button.

2019-01-30 10:01:879 INFO  RegistrationPage:205 - Clicked On Last Step Button.

2019-01-30 10:01:223 INFO  RegistrationPage:211 - Entered Password
2019-01-30 10:01:497 INFO  RegistrationPage:213 - Entered Confirm Password
2019-01-30 10:01:964 INFO  RegistrationPage:217 - uTestTermsUseCheck has been selected
2019-01-30 10:01:45 INFO  RegistrationPage:224 - privacyAndSecurity has been selected
2019-01-30 10:01:130 INFO  RegistrationPage:230 - Clicked On Complete SetUp Button
2019-01-30 10:01:896 INFO  LoginPage:54 - Clicked on sign in button from home page

2019-01-30 10:01:977 INFO  LoginPage:60 - Passed UserName  : bahubalipr.cse007@gmail.com
2019-01-30 10:01:36 INFO  LoginPage:63 - Passed User Password  : Bahubali@1111

2019-01-30 10:01:130 INFO  LoginPage:73 - rememberCheckBox is displayed and clicked.

2019-01-30 10:01:177 INFO  LoginPage:86 - Forgot Password?Link is visible 

2019-01-30 10:01:439 INFO  LoginPage:93 - Clicked On SingIn Button from the home page

2019-01-30 10:01:495 INFO  LoginPage:100 - Successfully Logged In
2019-01-30 10:01:139 INFO  RegistrationPage:120 - Clicked on Signup button from the home page

2019-01-30 10:01:75 INFO  RegistrationPage:124 - Entered User Name : [[ChromeDriver: chrome on XP (82542ce969eb88c098085a0802e21d8e)] -> xpath: .//input[@name='firstName']]
2019-01-30 10:01:171 INFO  RegistrationPage:128 - Entered Last Name : [[ChromeDriver: chrome on XP (82542ce969eb88c098085a0802e21d8e)] -> xpath: .//input[@name='lastName']]
2019-01-30 10:01:286 INFO  RegistrationPage:132 - Entered Email Address : [[ChromeDriver: chrome on XP (82542ce969eb88c098085a0802e21d8e)] -> xpath: .//input[@name='email']]

2019-01-30 10:01:518 INFO  RegistrationPage:147 - Selected Month
2019-01-30 10:01:709 INFO  RegistrationPage:152 - Selected Day
2019-01-30 10:01:122 INFO  RegistrationPage:157 - Selected Year

2019-01-30 10:01:308 INFO  RegistrationPage:162 - Selected Gender

2019-01-30 10:01:493 INFO  RegistrationPage:166 - Clicked On Next Location Button

2019-01-30 10:01:691 INFO  RegistrationPage:181 - Entered Location.
2019-01-30 10:01:816 INFO  RegistrationPage:186 - Entered Zip.
2019-01-30 10:01:917 INFO  RegistrationPage:198 - Clicked On Next Device Button.

2019-01-30 10:01:497 INFO  RegistrationPage:205 - Clicked On Last Step Button.

2019-01-30 10:01:652 INFO  RegistrationPage:211 - Entered Password
2019-01-30 10:01:742 INFO  RegistrationPage:213 - Entered Confirm Password
2019-01-30 10:01:902 INFO  RegistrationPage:217 - uTestTermsUseCheck has been selected
2019-01-30 10:01:985 INFO  RegistrationPage:224 - privacyAndSecurity has been selected
2019-01-30 10:01:58 INFO  RegistrationPage:230 - Clicked On Complete SetUp Button
2019-01-30 10:01:315 INFO  LoginPage:54 - Clicked on sign in button from home page

2019-01-30 10:01:400 INFO  LoginPage:60 - Passed UserName  : bahubalipr.cse007@gmail.com
2019-01-30 10:01:454 INFO  LoginPage:63 - Passed User Password  : Bahubali@1111

2019-01-30 10:01:596 INFO  LoginPage:73 - rememberCheckBox is displayed and clicked.

2019-01-30 10:01:665 INFO  LoginPage:86 - Forgot Password?Link is visible 

2019-01-30 10:01:533 INFO  LoginPage:93 - Clicked On SingIn Button from the home page

2019-01-30 10:01:621 INFO  LoginPage:100 - Successfully Logged In
2019-01-30 13:01:285 INFO  RegistrationPage:120 - Clicked on Signup button from the home page

2019-01-30 13:01:101 INFO  RegistrationPage:124 - Entered User Name : [[ChromeDriver: chrome on XP (31039a78613ef759b3d7d7d7734acc15)] -> xpath: .//input[@name='firstName']]
2019-01-30 13:01:190 INFO  RegistrationPage:128 - Entered Last Name : [[ChromeDriver: chrome on XP (31039a78613ef759b3d7d7d7734acc15)] -> xpath: .//input[@name='lastName']]
2019-01-30 13:01:318 INFO  RegistrationPage:132 - Entered Email Address : [[ChromeDriver: chrome on XP (31039a78613ef759b3d7d7d7734acc15)] -> xpath: .//input[@name='email']]

2019-01-30 13:01:495 INFO  RegistrationPage:147 - Selected Month
2019-01-30 13:01:665 INFO  RegistrationPage:152 - Selected Day
2019-01-30 13:01:139 INFO  RegistrationPage:157 - Selected Year

2019-01-30 13:01:341 INFO  RegistrationPage:162 - Selected Gender

2019-01-30 13:01:897 INFO  RegistrationPage:166 - Clicked On Next Location Button

2019-01-30 13:01:54 INFO  RegistrationPage:181 - Entered Location.
2019-01-30 13:01:169 INFO  RegistrationPage:186 - Entered Zip.
2019-01-30 13:01:433 INFO  RegistrationPage:198 - Clicked On Next Device Button.

2019-01-30 13:01:597 INFO  RegistrationPage:205 - Clicked On Last Step Button.

2019-01-30 13:01:762 INFO  RegistrationPage:211 - Entered Password
2019-01-30 13:01:864 INFO  RegistrationPage:213 - Entered Confirm Password
2019-01-30 13:01:956 INFO  RegistrationPage:217 - uTestTermsUseCheck has been selected
2019-01-30 13:01:39 INFO  RegistrationPage:224 - privacyAndSecurity has been selected
2019-01-30 13:01:112 INFO  RegistrationPage:230 - Clicked On Complete SetUp Button
2019-01-30 13:01:374 INFO  LoginPage:54 - Clicked on sign in button from home page

2019-01-30 13:01:455 INFO  LoginPage:60 - Passed UserName  : bahubalipr.cse007@gmail.com
2019-01-30 13:01:515 INFO  LoginPage:63 - Passed User Password  : Bahubali@1111

2019-01-30 13:01:634 INFO  LoginPage:73 - rememberCheckBox is displayed and clicked.

2019-01-30 13:01:695 INFO  LoginPage:86 - Forgot Password?Link is visible 

2019-01-30 13:01:959 INFO  LoginPage:93 - Clicked On SingIn Button from the home page

2019-01-30 13:01:536 INFO  LoginPage:100 - Successfully Logged In
2019-01-30 14:01:887 INFO  RegistrationPage:120 - Clicked on Signup button from the home page

2019-01-30 14:01:704 INFO  RegistrationPage:124 - Entered User Name : [[ChromeDriver: chrome on XP (1c4e32020958f86183ec96ab5dd8f784)] -> xpath: .//input[@name='firstName']]
2019-01-30 14:01:807 INFO  RegistrationPage:128 - Entered Last Name : [[ChromeDriver: chrome on XP (1c4e32020958f86183ec96ab5dd8f784)] -> xpath: .//input[@name='lastName']]
2019-01-30 14:01:975 INFO  RegistrationPage:132 - Entered Email Address : [[ChromeDriver: chrome on XP (1c4e32020958f86183ec96ab5dd8f784)] -> xpath: .//input[@name='email']]

2019-01-30 14:01:196 INFO  RegistrationPage:147 - Selected Month
2019-01-30 14:01:386 INFO  RegistrationPage:152 - Selected Day
2019-01-30 14:01:837 INFO  RegistrationPage:157 - Selected Year

2019-01-30 14:01:04 INFO  RegistrationPage:162 - Selected Gender

2019-01-30 14:01:199 INFO  RegistrationPage:166 - Clicked On Next Location Button

2019-01-30 14:01:380 INFO  RegistrationPage:181 - Entered Location.
2019-01-30 14:01:503 INFO  RegistrationPage:186 - Entered Zip.
2019-01-30 14:01:748 INFO  RegistrationPage:198 - Clicked On Next Device Button.

2019-01-30 14:01:232 INFO  RegistrationPage:205 - Clicked On Last Step Button.

2019-01-30 14:01:412 INFO  RegistrationPage:211 - Entered Password
2019-01-30 14:01:502 INFO  RegistrationPage:213 - Entered Confirm Password
2019-01-30 14:01:599 INFO  RegistrationPage:217 - uTestTermsUseCheck has been selected
2019-01-30 14:01:684 INFO  RegistrationPage:224 - privacyAndSecurity has been selected
2019-01-30 14:01:754 INFO  RegistrationPage:230 - Clicked On Complete SetUp Button
2019-01-30 14:01:936 INFO  LoginPage:54 - Clicked on sign in button from home page

2019-01-30 14:01:56 INFO  LoginPage:60 - Passed UserName  : bahubalipr.cse007@gmail.com
2019-01-30 14:01:114 INFO  LoginPage:63 - Passed User Password  : Bahubali@1111

2019-01-30 14:01:217 INFO  LoginPage:73 - rememberCheckBox is displayed and clicked.

2019-01-30 14:01:292 INFO  LoginPage:86 - Forgot Password?Link is visible 

2019-01-30 14:01:568 INFO  LoginPage:93 - Clicked On SingIn Button from the home page

2019-01-30 14:01:651 INFO  LoginPage:100 - Successfully Logged In
2019-01-30 15:01:522 INFO  RegistrationPage:120 - Clicked on Signup button from the home page

2019-01-30 15:01:271 INFO  RegistrationPage:124 - Entered User Name : [[ChromeDriver: chrome on XP (5eba50a6b088ab1c899e12c2e709cfa3)] -> xpath: .//input[@name='firstName']]
2019-01-30 15:01:411 INFO  RegistrationPage:128 - Entered Last Name : [[ChromeDriver: chrome on XP (5eba50a6b088ab1c899e12c2e709cfa3)] -> xpath: .//input[@name='lastName']]
2019-01-30 15:01:543 INFO  RegistrationPage:132 - Entered Email Address : [[ChromeDriver: chrome on XP (5eba50a6b088ab1c899e12c2e709cfa3)] -> xpath: .//input[@name='email']]

2019-01-30 15:01:745 INFO  RegistrationPage:147 - Selected Month
2019-01-30 15:01:925 INFO  RegistrationPage:152 - Selected Day
2019-01-30 15:01:350 INFO  RegistrationPage:157 - Selected Year

2019-01-30 15:01:385 INFO  RegistrationPage:162 - Selected Gender

2019-01-30 15:01:806 INFO  RegistrationPage:166 - Clicked On Next Location Button

2019-01-30 15:01:939 INFO  RegistrationPage:181 - Entered Location.
2019-01-30 15:01:67 INFO  RegistrationPage:186 - Entered Zip.
2019-01-30 15:01:344 INFO  RegistrationPage:198 - Clicked On Next Device Button.

2019-01-30 15:01:839 INFO  RegistrationPage:205 - Clicked On Last Step Button.

2019-01-30 15:01:13 INFO  RegistrationPage:211 - Entered Password
2019-01-30 15:01:114 INFO  RegistrationPage:213 - Entered Confirm Password
2019-01-30 15:01:211 INFO  RegistrationPage:217 - uTestTermsUseCheck has been selected
2019-01-30 15:01:312 INFO  RegistrationPage:224 - privacyAndSecurity has been selected
2019-01-30 15:01:385 INFO  RegistrationPage:230 - Clicked On Complete SetUp Button
2019-01-30 15:01:347 INFO  RegistrationPage:120 - Clicked on Signup button from the home page

2019-01-30 15:01:753 INFO  RegistrationPage:124 - Entered User Name : [[ChromeDriver: chrome on XP (a941bc118e6b0b7ff8cf5cac3ac7fb63)] -> xpath: .//input[@name='firstName']]
2019-01-30 15:01:874 INFO  RegistrationPage:128 - Entered Last Name : [[ChromeDriver: chrome on XP (a941bc118e6b0b7ff8cf5cac3ac7fb63)] -> xpath: .//input[@name='lastName']]
2019-01-30 15:01:994 INFO  RegistrationPage:132 - Entered Email Address : [[ChromeDriver: chrome on XP (a941bc118e6b0b7ff8cf5cac3ac7fb63)] -> xpath: .//input[@name='email']]

2019-01-30 15:01:181 INFO  RegistrationPage:147 - Selected Month
2019-01-30 15:01:441 INFO  RegistrationPage:152 - Selected Day
2019-01-30 15:01:904 INFO  RegistrationPage:157 - Selected Year

2019-01-30 15:01:56 INFO  RegistrationPage:162 - Selected Gender

2019-01-30 15:01:273 INFO  RegistrationPage:166 - Clicked On Next Location Button

2019-01-30 15:01:465 INFO  RegistrationPage:181 - Entered Location.
2019-01-30 15:01:600 INFO  RegistrationPage:186 - Entered Zip.
2019-01-30 15:01:809 INFO  RegistrationPage:198 - Clicked On Next Device Button.

2019-01-30 15:01:276 INFO  RegistrationPage:205 - Clicked On Last Step Button.

2019-01-30 15:01:459 INFO  RegistrationPage:211 - Entered Password
2019-01-30 15:01:554 INFO  RegistrationPage:213 - Entered Confirm Password
2019-01-30 15:01:653 INFO  RegistrationPage:217 - uTestTermsUseCheck has been selected
2019-01-30 15:01:772 INFO  RegistrationPage:224 - privacyAndSecurity has been selected
2019-01-30 15:01:843 INFO  RegistrationPage:230 - Clicked On Complete SetUp Button
2019-01-30 15:01:27 INFO  RegistrationPage:120 - Clicked on Signup button from the home page

2019-01-30 15:01:736 INFO  RegistrationPage:124 - Entered User Name : [[ChromeDriver: chrome on XP (7f6c1193f5beb00c3299a388d0230f23)] -> xpath: .//input[@name='firstName']]
2019-01-30 15:01:876 INFO  RegistrationPage:128 - Entered Last Name : [[ChromeDriver: chrome on XP (7f6c1193f5beb00c3299a388d0230f23)] -> xpath: .//input[@name='lastName']]
2019-01-30 15:01:07 INFO  RegistrationPage:132 - Entered Email Address : [[ChromeDriver: chrome on XP (7f6c1193f5beb00c3299a388d0230f23)] -> xpath: .//input[@name='email']]

2019-01-30 15:01:192 INFO  RegistrationPage:147 - Selected Month
2019-01-30 15:01:368 INFO  RegistrationPage:152 - Selected Day
2019-01-30 15:01:817 INFO  RegistrationPage:157 - Selected Year

2019-01-30 15:01:972 INFO  RegistrationPage:162 - Selected Gender

2019-01-30 15:01:140 INFO  RegistrationPage:166 - Clicked On Next Location Button

2019-01-30 15:01:350 INFO  RegistrationPage:181 - Entered Location.
2019-01-30 15:01:498 INFO  RegistrationPage:186 - Entered Zip.
2019-01-30 15:01:764 INFO  RegistrationPage:198 - Clicked On Next Device Button.

2019-01-30 15:01:920 INFO  RegistrationPage:205 - Clicked On Last Step Button.

2019-01-30 15:01:86 INFO  RegistrationPage:211 - Entered Password
2019-01-30 15:01:173 INFO  RegistrationPage:213 - Entered Confirm Password
2019-01-30 15:01:271 INFO  RegistrationPage:217 - uTestTermsUseCheck has been selected
2019-01-30 15:01:356 INFO  RegistrationPage:224 - privacyAndSecurity has been selected
2019-01-30 15:01:427 INFO  RegistrationPage:230 - Clicked On Complete SetUp Button
2019-01-30 15:01:315 INFO  RegistrationPage:120 - Clicked on Signup button from the home page

2019-01-30 15:01:254 INFO  RegistrationPage:124 - Entered User Name : [[ChromeDriver: chrome on XP (59ff7d314e675e020d39febebda9ea79)] -> xpath: .//input[@name='firstName']]
2019-01-30 15:01:359 INFO  RegistrationPage:128 - Entered Last Name : [[ChromeDriver: chrome on XP (59ff7d314e675e020d39febebda9ea79)] -> xpath: .//input[@name='lastName']]
2019-01-30 15:01:515 INFO  RegistrationPage:132 - Entered Email Address : [[ChromeDriver: chrome on XP (59ff7d314e675e020d39febebda9ea79)] -> xpath: .//input[@name='email']]

2019-01-30 15:01:705 INFO  RegistrationPage:147 - Selected Month
2019-01-30 15:01:896 INFO  RegistrationPage:152 - Selected Day
2019-01-30 15:01:307 INFO  RegistrationPage:157 - Selected Year

2019-01-30 15:01:487 INFO  RegistrationPage:162 - Selected Gender

2019-01-30 15:01:723 INFO  RegistrationPage:166 - Clicked On Next Location Button

2019-01-30 15:01:934 INFO  RegistrationPage:181 - Entered Location.
2019-01-30 15:01:194 INFO  RegistrationPage:186 - Entered Zip.
2019-01-30 15:01:516 INFO  RegistrationPage:198 - Clicked On Next Device Button.

2019-01-30 15:01:674 INFO  RegistrationPage:205 - Clicked On Last Step Button.

2019-01-30 15:01:849 INFO  RegistrationPage:211 - Entered Password
2019-01-30 15:01:937 INFO  RegistrationPage:213 - Entered Confirm Password
2019-01-30 15:01:42 INFO  RegistrationPage:217 - uTestTermsUseCheck has been selected
2019-01-30 15:01:126 INFO  RegistrationPage:224 - privacyAndSecurity has been selected
2019-01-30 15:01:198 INFO  RegistrationPage:230 - Clicked On Complete SetUp Button
2019-01-30 15:01:909 INFO  LoginPage:54 - Clicked on sign in button from home page

2019-01-30 15:01:997 INFO  LoginPage:60 - Passed UserName  : bahubalipr.cse007@gmail.com
2019-01-30 15:01:49 INFO  LoginPage:63 - Passed User Password  : Bahubali@1111

2019-01-30 15:01:182 INFO  LoginPage:73 - rememberCheckBox is displayed and clicked.

2019-01-30 15:01:245 INFO  LoginPage:86 - Forgot Password?Link is visible 

2019-01-30 15:01:502 INFO  LoginPage:93 - Clicked On SingIn Button from the home page

2019-01-30 15:01:100 INFO  LoginPage:100 - Successfully Logged In
2019-01-30 15:01:03 INFO  RegistrationPage:120 - Clicked on Signup button from the home page

2019-01-30 15:01:509 INFO  RegistrationPage:124 - Entered User Name : [[ChromeDriver: chrome on XP (ed907b591ecfecbce04488d54d548395)] -> xpath: .//input[@name='firstName']]
2019-01-30 15:01:624 INFO  RegistrationPage:128 - Entered Last Name : [[ChromeDriver: chrome on XP (ed907b591ecfecbce04488d54d548395)] -> xpath: .//input[@name='lastName']]
2019-01-30 15:01:749 INFO  RegistrationPage:132 - Entered Email Address : [[ChromeDriver: chrome on XP (ed907b591ecfecbce04488d54d548395)] -> xpath: .//input[@name='email']]

2019-01-30 15:01:93 INFO  RegistrationPage:147 - Selected Month
2019-01-30 15:01:328 INFO  RegistrationPage:152 - Selected Day
2019-01-30 15:01:790 INFO  RegistrationPage:157 - Selected Year

2019-01-30 15:01:916 INFO  RegistrationPage:162 - Selected Gender

2019-01-30 15:01:293 INFO  RegistrationPage:166 - Clicked On Next Location Button

2019-01-30 15:01:577 INFO  RegistrationPage:181 - Entered Location.
2019-01-30 15:01:712 INFO  RegistrationPage:186 - Entered Zip.
2019-01-30 15:01:986 INFO  RegistrationPage:198 - Clicked On Next Device Button.

2019-01-30 15:01:492 INFO  RegistrationPage:205 - Clicked On Last Step Button.

2019-01-30 15:01:668 INFO  RegistrationPage:211 - Entered Password
2019-01-30 15:01:773 INFO  RegistrationPage:213 - Entered Confirm Password
2019-01-30 15:01:978 INFO  RegistrationPage:217 - uTestTermsUseCheck has been selected
2019-01-30 15:01:78 INFO  RegistrationPage:224 - privacyAndSecurity has been selected
2019-01-30 15:01:150 INFO  RegistrationPage:230 - Clicked On Complete SetUp Button
2019-01-30 15:01:186 INFO  RegistrationPage:120 - Clicked on Signup button from the home page

2019-01-30 15:01:873 INFO  RegistrationPage:124 - Entered User Name : [[ChromeDriver: chrome on XP (980ed8452f106634ca66ee256522a2e7)] -> xpath: .//input[@name='firstName']]
2019-01-30 15:01:22 INFO  RegistrationPage:128 - Entered Last Name : [[ChromeDriver: chrome on XP (980ed8452f106634ca66ee256522a2e7)] -> xpath: .//input[@name='lastName']]
2019-01-30 15:01:157 INFO  RegistrationPage:132 - Entered Email Address : [[ChromeDriver: chrome on XP (980ed8452f106634ca66ee256522a2e7)] -> xpath: .//input[@name='email']]

2019-01-30 15:01:321 INFO  RegistrationPage:147 - Selected Month
2019-01-30 15:01:515 INFO  RegistrationPage:152 - Selected Day
2019-01-30 15:01:931 INFO  RegistrationPage:157 - Selected Year

2019-01-30 15:01:103 INFO  RegistrationPage:162 - Selected Gender

2019-01-30 15:01:320 INFO  RegistrationPage:166 - Clicked On Next Location Button

2019-01-30 15:01:528 INFO  RegistrationPage:181 - Entered Location.
2019-01-30 15:01:656 INFO  RegistrationPage:186 - Entered Zip.
2019-01-30 15:01:938 INFO  RegistrationPage:198 - Clicked On Next Device Button.

2019-01-30 15:01:135 INFO  RegistrationPage:205 - Clicked On Last Step Button.

2019-01-30 15:01:554 INFO  RegistrationPage:211 - Entered Password
2019-01-30 15:01:842 INFO  RegistrationPage:213 - Entered Confirm Password
2019-01-30 15:01:59 INFO  RegistrationPage:217 - uTestTermsUseCheck has been selected
2019-01-30 15:01:181 INFO  RegistrationPage:224 - privacyAndSecurity has been selected
2019-01-30 15:01:238 INFO  RegistrationPage:230 - Clicked On Complete SetUp Button
2019-01-30 15:01:761 INFO  LoginPage:54 - Clicked on sign in button from home page

2019-01-30 15:01:322 INFO  RegistrationPage:120 - Clicked on Signup button from the home page

2019-01-30 15:01:22 INFO  RegistrationPage:124 - Entered User Name : [[ChromeDriver: chrome on XP (6c35747898d30190cb4b745d309e49ea)] -> xpath: .//input[@name='firstName']]
2019-01-30 15:01:184 INFO  RegistrationPage:128 - Entered Last Name : [[ChromeDriver: chrome on XP (6c35747898d30190cb4b745d309e49ea)] -> xpath: .//input[@name='lastName']]
2019-01-30 15:01:309 INFO  RegistrationPage:132 - Entered Email Address : [[ChromeDriver: chrome on XP (6c35747898d30190cb4b745d309e49ea)] -> xpath: .//input[@name='email']]

2019-01-30 15:01:486 INFO  RegistrationPage:147 - Selected Month
2019-01-30 15:01:666 INFO  RegistrationPage:152 - Selected Day
2019-01-30 15:01:106 INFO  RegistrationPage:157 - Selected Year

2019-01-30 15:01:258 INFO  RegistrationPage:162 - Selected Gender

2019-01-30 15:01:439 INFO  RegistrationPage:166 - Clicked On Next Location Button

2019-01-30 15:01:668 INFO  RegistrationPage:181 - Entered Location.
2019-01-30 15:01:804 INFO  RegistrationPage:186 - Entered Zip.
2019-01-30 15:01:67 INFO  RegistrationPage:198 - Clicked On Next Device Button.

2019-01-30 15:01:410 INFO  RegistrationPage:205 - Clicked On Last Step Button.

2019-01-30 15:01:564 INFO  RegistrationPage:211 - Entered Password
2019-01-30 15:01:644 INFO  RegistrationPage:213 - Entered Confirm Password
2019-01-30 15:01:735 INFO  RegistrationPage:217 - uTestTermsUseCheck has been selected
2019-01-30 15:01:834 INFO  RegistrationPage:224 - privacyAndSecurity has been selected
2019-01-30 15:01:908 INFO  RegistrationPage:230 - Clicked On Complete SetUp Button
2019-01-30 15:01:450 INFO  LoginPage:54 - Clicked on sign in button from home page

2019-01-30 15:01:530 INFO  LoginPage:60 - Passed UserName  : bahubalipr.cse007@gmail.com
2019-01-30 15:01:585 INFO  LoginPage:63 - Passed User Password  : Bahubali@1111

2019-01-30 15:01:715 INFO  LoginPage:73 - rememberCheckBox is displayed and clicked.

2019-01-30 15:01:954 INFO  LoginPage:86 - Forgot Password?Link is visible 

2019-01-30 15:01:820 INFO  LoginPage:93 - Clicked On SingIn Button from the home page

2019-01-30 15:01:879 INFO  LoginPage:100 - Successfully Logged In
2019-01-30 15:01:628 INFO  RegistrationPage:120 - Clicked on Signup button from the home page

2019-01-30 15:01:513 INFO  RegistrationPage:124 - Entered User Name : [[ChromeDriver: chrome on XP (89c577901e439f59aae01703aa17bd48)] -> xpath: .//input[@name='firstName']]
2019-01-30 15:01:977 INFO  RegistrationPage:128 - Entered Last Name : [[ChromeDriver: chrome on XP (89c577901e439f59aae01703aa17bd48)] -> xpath: .//input[@name='lastName']]
2019-01-30 15:01:104 INFO  RegistrationPage:132 - Entered Email Address : [[ChromeDriver: chrome on XP (89c577901e439f59aae01703aa17bd48)] -> xpath: .//input[@name='email']]

2019-01-30 15:01:282 INFO  RegistrationPage:147 - Selected Month
2019-01-30 15:01:505 INFO  RegistrationPage:152 - Selected Day
2019-01-30 15:01:957 INFO  RegistrationPage:157 - Selected Year

2019-01-30 15:01:123 INFO  RegistrationPage:162 - Selected Gender

2019-01-30 15:01:294 INFO  RegistrationPage:166 - Clicked On Next Location Button

2019-01-30 15:01:480 INFO  RegistrationPage:181 - Entered Location.
2019-01-30 15:01:602 INFO  RegistrationPage:186 - Entered Zip.
2019-01-30 15:01:876 INFO  RegistrationPage:198 - Clicked On Next Device Button.

2019-01-30 15:01:50 INFO  RegistrationPage:205 - Clicked On Last Step Button.

2019-01-30 15:01:217 INFO  RegistrationPage:211 - Entered Password
2019-01-30 15:01:316 INFO  RegistrationPage:213 - Entered Confirm Password
2019-01-30 15:01:418 INFO  RegistrationPage:217 - uTestTermsUseCheck has been selected
2019-01-30 15:01:519 INFO  RegistrationPage:224 - privacyAndSecurity has been selected
2019-01-30 15:01:590 INFO  RegistrationPage:230 - Clicked On Complete SetUp Button
2019-01-30 15:01:913 INFO  LoginPage:54 - Clicked on sign in button from home page

2019-01-30 15:01:995 INFO  LoginPage:60 - Passed UserName  : bahubalipr.cse007@gmail.com
2019-01-30 15:01:53 INFO  LoginPage:63 - Passed User Password  : Bahubali@1111

2019-01-30 15:01:169 INFO  LoginPage:73 - rememberCheckBox is displayed and clicked.

2019-01-30 15:01:203 INFO  LoginPage:86 - Forgot Password?Link is visible 

2019-01-30 15:01:647 INFO  LoginPage:93 - Clicked On SingIn Button from the home page

2019-01-30 15:01:207 INFO  LoginPage:100 - Successfully Logged In
2019-01-30 16:01:637 INFO  LoginPage:54 - Clicked on sign in button from home page

2019-01-30 16:01:725 INFO  LoginPage:60 - Passed UserName  : bahubalipr.cse007@gmail.com
2019-01-30 16:01:780 INFO  LoginPage:63 - Passed User Password  : Bahubali@1111

2019-01-30 16:01:846 INFO  LoginPage:54 - Clicked on sign in button from home page

2019-01-30 16:01:961 INFO  LoginPage:60 - Passed UserName  : bahubalipr.cse007@gmail.com
2019-01-30 16:01:19 INFO  LoginPage:63 - Passed User Password  : Bahubali@1111

2019-01-30 16:01:741 INFO  LoginPage:73 - rememberCheckBox is displayed and clicked.

2019-01-30 16:01:209 INFO  LoginPage:86 - Forgot Password?Link is visible 

2019-01-30 16:01:715 INFO  LoginPage:93 - Clicked On SingIn Button from the home page

2019-01-30 16:01:489 INFO  LoginPage:100 - Successfully Logged In
2019-01-30 16:01:394 INFO  RegistrationPage:120 - Clicked on Signup button from the home page

2019-01-30 16:01:120 INFO  RegistrationPage:124 - Entered User Name : [[ChromeDriver: chrome on XP (7ae67f510a773255050c962cc585f61e)] -> xpath: .//input[@name='firstName']]
2019-01-30 16:01:265 INFO  RegistrationPage:128 - Entered Last Name : [[ChromeDriver: chrome on XP (7ae67f510a773255050c962cc585f61e)] -> xpath: .//input[@name='lastName']]
2019-01-30 16:01:391 INFO  RegistrationPage:132 - Entered Email Address : [[ChromeDriver: chrome on XP (7ae67f510a773255050c962cc585f61e)] -> xpath: .//input[@name='email']]

2019-01-30 16:01:564 INFO  RegistrationPage:147 - Selected Month
2019-01-30 16:01:748 INFO  RegistrationPage:152 - Selected Day
2019-01-30 16:01:172 INFO  RegistrationPage:157 - Selected Year

2019-01-30 16:01:335 INFO  RegistrationPage:162 - Selected Gender

2019-01-30 16:01:534 INFO  RegistrationPage:166 - Clicked On Next Location Button

2019-01-30 16:01:662 INFO  RegistrationPage:181 - Entered Location.
2019-01-30 16:01:781 INFO  RegistrationPage:186 - Entered Zip.
2019-01-30 16:01:955 INFO  RegistrationPage:198 - Clicked On Next Device Button.

2019-01-30 16:01:112 INFO  RegistrationPage:205 - Clicked On Last Step Button.

2019-01-30 16:01:268 INFO  RegistrationPage:211 - Entered Password
2019-01-30 16:01:362 INFO  RegistrationPage:213 - Entered Confirm Password
2019-01-30 16:01:465 INFO  RegistrationPage:217 - uTestTermsUseCheck has been selected
2019-01-30 16:01:566 INFO  RegistrationPage:224 - privacyAndSecurity has been selected
2019-01-30 16:01:637 INFO  RegistrationPage:230 - Clicked On Complete SetUp Button
2019-01-30 16:01:505 INFO  LoginPage:54 - Clicked on sign in button from home page

2019-01-30 16:01:596 INFO  LoginPage:60 - Passed UserName  : bahubalipr.cse007@gmail.com
2019-01-30 16:01:649 INFO  LoginPage:63 - Passed User Password  : Bahubali@1111

2019-01-30 16:01:741 INFO  LoginPage:73 - rememberCheckBox is displayed and clicked.

2019-01-30 16:01:786 INFO  LoginPage:86 - Forgot Password?Link is visible 

2019-01-30 16:01:199 INFO  LoginPage:93 - Clicked On SingIn Button from the home page

2019-01-30 16:01:798 INFO  LoginPage:100 - Successfully Logged In
2019-01-30 16:01:697 INFO  RegistrationPage:120 - Clicked on Signup button from the home page

2019-01-30 16:01:461 INFO  RegistrationPage:124 - Entered User Name : [[ChromeDriver: chrome on XP (8b4643b49693faf90bf510eb2ae4a086)] -> xpath: .//input[@name='firstName']]
2019-01-30 16:01:578 INFO  RegistrationPage:128 - Entered Last Name : [[ChromeDriver: chrome on XP (8b4643b49693faf90bf510eb2ae4a086)] -> xpath: .//input[@name='lastName']]
2019-01-30 16:01:700 INFO  RegistrationPage:132 - Entered Email Address : [[ChromeDriver: chrome on XP (8b4643b49693faf90bf510eb2ae4a086)] -> xpath: .//input[@name='email']]

2019-01-30 16:01:934 INFO  RegistrationPage:147 - Selected Month
2019-01-30 16:01:135 INFO  RegistrationPage:152 - Selected Day
2019-01-30 16:01:612 INFO  RegistrationPage:157 - Selected Year

2019-01-30 16:01:787 INFO  RegistrationPage:162 - Selected Gender

2019-01-30 16:01:976 INFO  RegistrationPage:166 - Clicked On Next Location Button

2019-01-30 16:01:120 INFO  RegistrationPage:181 - Entered Location.
2019-01-30 16:01:252 INFO  RegistrationPage:186 - Entered Zip.
2019-01-30 16:01:453 INFO  RegistrationPage:198 - Clicked On Next Device Button.

2019-01-30 16:01:593 INFO  RegistrationPage:205 - Clicked On Last Step Button.

2019-01-30 16:01:773 INFO  RegistrationPage:211 - Entered Password
2019-01-30 16:01:861 INFO  RegistrationPage:213 - Entered Confirm Password
2019-01-30 16:01:950 INFO  RegistrationPage:217 - uTestTermsUseCheck has been selected
2019-01-30 16:01:35 INFO  RegistrationPage:224 - privacyAndSecurity has been selected
2019-01-30 16:01:106 INFO  RegistrationPage:230 - Clicked On Complete SetUp Button
2019-01-30 16:01:33 INFO  LoginPage:54 - Clicked on sign in button from home page

2019-01-30 16:01:120 INFO  LoginPage:60 - Passed UserName  : bahubalipr.cse007@gmail.com
2019-01-30 16:01:172 INFO  LoginPage:63 - Passed User Password  : Bahubali@1111

2019-01-30 16:01:271 INFO  LoginPage:73 - rememberCheckBox is displayed and clicked.

2019-01-30 16:01:320 INFO  LoginPage:86 - Forgot Password?Link is visible 

2019-01-30 16:01:792 INFO  LoginPage:93 - Clicked On SingIn Button from the home page

2019-01-30 16:01:854 INFO  LoginPage:100 - Successfully Logged In
2019-01-30 16:01:275 INFO  RegistrationPage:120 - Clicked on Signup button from the home page

2019-01-30 16:01:223 INFO  RegistrationPage:124 - Entered User Name : [[ChromeDriver: chrome on XP (5d85e9fe48a5591a42809d1cf7e5b6f4)] -> xpath: .//input[@name='firstName']]
2019-01-30 16:01:322 INFO  RegistrationPage:128 - Entered Last Name : [[ChromeDriver: chrome on XP (5d85e9fe48a5591a42809d1cf7e5b6f4)] -> xpath: .//input[@name='lastName']]
2019-01-30 16:01:463 INFO  RegistrationPage:132 - Entered Email Address : [[ChromeDriver: chrome on XP (5d85e9fe48a5591a42809d1cf7e5b6f4)] -> xpath: .//input[@name='email']]

2019-01-30 16:01:653 INFO  RegistrationPage:147 - Selected Month
2019-01-30 16:01:847 INFO  RegistrationPage:152 - Selected Day
2019-01-30 16:01:310 INFO  RegistrationPage:157 - Selected Year

2019-01-30 16:01:459 INFO  RegistrationPage:162 - Selected Gender

2019-01-30 16:01:635 INFO  RegistrationPage:166 - Clicked On Next Location Button

2019-01-30 16:01:737 INFO  RegistrationPage:181 - Entered Location.
2019-01-30 16:01:846 INFO  RegistrationPage:186 - Entered Zip.
2019-01-30 16:01:935 INFO  RegistrationPage:198 - Clicked On Next Device Button.

2019-01-30 16:01:53 INFO  RegistrationPage:205 - Clicked On Last Step Button.

2019-01-30 16:01:242 INFO  RegistrationPage:211 - Entered Password
2019-01-30 16:01:334 INFO  RegistrationPage:213 - Entered Confirm Password
2019-01-30 16:01:480 INFO  RegistrationPage:217 - uTestTermsUseCheck has been selected
2019-01-30 16:01:713 INFO  RegistrationPage:224 - privacyAndSecurity has been selected
2019-01-30 16:01:536 INFO  RegistrationPage:230 - Clicked On Complete SetUp Button
2019-01-30 16:01:996 INFO  LoginPage:54 - Clicked on sign in button from home page

2019-01-30 16:01:81 INFO  LoginPage:60 - Passed UserName  : bahubalipr.cse007@gmail.com
2019-01-30 16:01:137 INFO  LoginPage:63 - Passed User Password  : Bahubali@1111

2019-01-30 16:01:233 INFO  LoginPage:73 - rememberCheckBox is displayed and clicked.

2019-01-30 16:01:285 INFO  LoginPage:86 - Forgot Password?Link is visible 

2019-01-30 16:01:556 INFO  LoginPage:93 - Clicked On SingIn Button from the home page

2019-01-30 16:01:134 INFO  LoginPage:100 - Successfully Logged In
2019-01-30 16:01:251 INFO  RegistrationPage:120 - Clicked on Signup button from the home page

2019-01-30 16:01:32 INFO  RegistrationPage:124 - Entered User Name : [[ChromeDriver: chrome on XP (a3d43dd2c786b9dfba6ed39ead36b93d)] -> xpath: .//input[@name='firstName']]
2019-01-30 16:01:142 INFO  RegistrationPage:128 - Entered Last Name : [[ChromeDriver: chrome on XP (a3d43dd2c786b9dfba6ed39ead36b93d)] -> xpath: .//input[@name='lastName']]
2019-01-30 16:01:264 INFO  RegistrationPage:132 - Entered Email Address : [[ChromeDriver: chrome on XP (a3d43dd2c786b9dfba6ed39ead36b93d)] -> xpath: .//input[@name='email']]

2019-01-30 16:01:446 INFO  RegistrationPage:147 - Selected Month
2019-01-30 16:01:644 INFO  RegistrationPage:152 - Selected Day
2019-01-30 16:01:58 INFO  RegistrationPage:157 - Selected Year

2019-01-30 16:01:216 INFO  RegistrationPage:162 - Selected Gender

2019-01-30 16:01:399 INFO  RegistrationPage:166 - Clicked On Next Location Button

2019-01-30 16:01:615 INFO  RegistrationPage:181 - Entered Location.
2019-01-30 16:01:746 INFO  RegistrationPage:186 - Entered Zip.
2019-01-30 16:01:30 INFO  RegistrationPage:198 - Clicked On Next Device Button.

2019-01-30 16:01:531 INFO  RegistrationPage:205 - Clicked On Last Step Button.

2019-01-30 16:01:677 INFO  RegistrationPage:211 - Entered Password
2019-01-30 16:01:767 INFO  RegistrationPage:213 - Entered Confirm Password
2019-01-30 16:01:866 INFO  RegistrationPage:217 - uTestTermsUseCheck has been selected
2019-01-30 16:01:965 INFO  RegistrationPage:224 - privacyAndSecurity has been selected
2019-01-30 16:01:35 INFO  RegistrationPage:230 - Clicked On Complete SetUp Button
2019-01-30 16:01:73 INFO  LoginPage:54 - Clicked on sign in button from home page

2019-01-30 16:01:173 INFO  LoginPage:60 - Passed UserName  : bahubalipr.cse007@gmail.com
2019-01-30 16:01:236 INFO  LoginPage:63 - Passed User Password  : Bahubali@1111

2019-01-30 16:01:335 INFO  LoginPage:73 - rememberCheckBox is displayed and clicked.

2019-01-30 16:01:392 INFO  LoginPage:86 - Forgot Password?Link is visible 

2019-01-30 16:01:840 INFO  LoginPage:93 - Clicked On SingIn Button from the home page

2019-01-30 16:01:414 INFO  LoginPage:100 - Successfully Logged In
2019-01-30 16:01:210 INFO  RegistrationPage:120 - Clicked on Signup button from the home page

2019-01-30 16:01:18 INFO  RegistrationPage:124 - Entered User Name : [[ChromeDriver: chrome on XP (d02a24be9bab0e80e71d5579f405edc4)] -> xpath: .//input[@name='firstName']]
2019-01-30 16:01:145 INFO  RegistrationPage:128 - Entered Last Name : [[ChromeDriver: chrome on XP (d02a24be9bab0e80e71d5579f405edc4)] -> xpath: .//input[@name='lastName']]
2019-01-30 16:01:267 INFO  RegistrationPage:132 - Entered Email Address : [[ChromeDriver: chrome on XP (d02a24be9bab0e80e71d5579f405edc4)] -> xpath: .//input[@name='email']]

2019-01-30 16:01:441 INFO  RegistrationPage:147 - Selected Month
2019-01-30 16:01:642 INFO  RegistrationPage:152 - Selected Day
2019-01-30 16:01:106 INFO  RegistrationPage:157 - Selected Year

2019-01-30 16:01:278 INFO  RegistrationPage:162 - Selected Gender

2019-01-30 16:01:457 INFO  RegistrationPage:166 - Clicked On Next Location Button

2019-01-30 16:01:633 INFO  RegistrationPage:181 - Entered Location.
2019-01-30 16:01:755 INFO  RegistrationPage:186 - Entered Zip.
2019-01-30 16:01:29 INFO  RegistrationPage:198 - Clicked On Next Device Button.

2019-01-30 16:01:308 INFO  RegistrationPage:205 - Clicked On Last Step Button.

2019-01-30 16:01:484 INFO  RegistrationPage:211 - Entered Password
2019-01-30 16:01:582 INFO  RegistrationPage:213 - Entered Confirm Password
2019-01-30 16:01:685 INFO  RegistrationPage:217 - uTestTermsUseCheck has been selected
2019-01-30 16:01:785 INFO  RegistrationPage:224 - privacyAndSecurity has been selected
2019-01-30 16:01:874 INFO  RegistrationPage:230 - Clicked On Complete SetUp Button
2019-01-30 16:01:281 INFO  LoginPage:54 - Clicked on sign in button from home page

2019-01-30 16:01:363 INFO  LoginPage:60 - Passed UserName  : bahubalipr.cse007@gmail.com
2019-01-30 16:01:417 INFO  LoginPage:63 - Passed User Password  : Bahubali@1111

2019-01-30 16:01:543 INFO  LoginPage:73 - rememberCheckBox is displayed and clicked.

2019-01-30 16:01:593 INFO  LoginPage:86 - Forgot Password?Link is visible 

2019-01-30 16:01:922 INFO  LoginPage:93 - Clicked On SingIn Button from the home page

2019-01-30 16:01:501 INFO  LoginPage:100 - Successfully Logged In
2019-01-30 16:01:813 INFO  RegistrationPage:120 - Clicked on Signup button from the home page

2019-01-30 16:01:543 INFO  RegistrationPage:124 - Entered User Name : [[ChromeDriver: chrome on XP (2e55f8f68bcee0a550f753eecfbcc229)] -> xpath: .//input[@name='firstName']]
2019-01-30 16:01:679 INFO  RegistrationPage:128 - Entered Last Name : [[ChromeDriver: chrome on XP (2e55f8f68bcee0a550f753eecfbcc229)] -> xpath: .//input[@name='lastName']]
2019-01-30 16:01:806 INFO  RegistrationPage:132 - Entered Email Address : [[ChromeDriver: chrome on XP (2e55f8f68bcee0a550f753eecfbcc229)] -> xpath: .//input[@name='email']]

2019-01-30 16:01:985 INFO  RegistrationPage:147 - Selected Month
2019-01-30 16:01:181 INFO  RegistrationPage:152 - Selected Day
2019-01-30 16:01:598 INFO  RegistrationPage:157 - Selected Year

2019-01-30 16:01:775 INFO  RegistrationPage:162 - Selected Gender

2019-01-30 16:01:978 INFO  RegistrationPage:166 - Clicked On Next Location Button

2019-01-30 16:01:141 INFO  RegistrationPage:181 - Entered Location.
2019-01-30 16:01:272 INFO  RegistrationPage:186 - Entered Zip.
2019-01-30 16:01:537 INFO  RegistrationPage:198 - Clicked On Next Device Button.

2019-01-30 16:01:15 INFO  RegistrationPage:205 - Clicked On Last Step Button.

2019-01-30 16:01:191 INFO  RegistrationPage:211 - Entered Password
2019-01-30 16:01:292 INFO  RegistrationPage:213 - Entered Confirm Password
2019-01-30 16:01:387 INFO  RegistrationPage:217 - uTestTermsUseCheck has been selected
2019-01-30 16:01:487 INFO  RegistrationPage:224 - privacyAndSecurity has been selected
2019-01-30 16:01:586 INFO  RegistrationPage:230 - Clicked On Complete SetUp Button
2019-01-30 16:01:194 INFO  LoginPage:54 - Clicked on sign in button from home page

2019-01-30 16:01:278 INFO  LoginPage:60 - Passed UserName  : bahubalipr.cse007@gmail.com
2019-01-30 16:01:333 INFO  LoginPage:63 - Passed User Password  : Bahubali@1111

2019-01-30 16:01:432 INFO  LoginPage:73 - rememberCheckBox is displayed and clicked.

2019-01-30 16:01:487 INFO  LoginPage:86 - Forgot Password?Link is visible 

2019-01-30 16:01:774 INFO  LoginPage:93 - Clicked On SingIn Button from the home page

2019-01-30 16:01:334 INFO  LoginPage:100 - Successfully Logged In
2019-01-30 17:01:515 INFO  RegistrationPage:120 - Clicked on Signup button from the home page

2019-01-30 17:01:239 INFO  RegistrationPage:124 - Entered User Name : [[ChromeDriver: chrome on XP (41038ea61afab0a312808e9554cfa42e)] -> xpath: .//input[@name='firstName']]
2019-01-30 17:01:390 INFO  RegistrationPage:128 - Entered Last Name : [[ChromeDriver: chrome on XP (41038ea61afab0a312808e9554cfa42e)] -> xpath: .//input[@name='lastName']]
2019-01-30 17:01:518 INFO  RegistrationPage:132 - Entered Email Address : [[ChromeDriver: chrome on XP (41038ea61afab0a312808e9554cfa42e)] -> xpath: .//input[@name='email']]

2019-01-30 17:01:691 INFO  RegistrationPage:147 - Selected Month
2019-01-30 17:01:875 INFO  RegistrationPage:152 - Selected Day
2019-01-30 17:01:299 INFO  RegistrationPage:157 - Selected Year

2019-01-30 17:01:462 INFO  RegistrationPage:162 - Selected Gender

2019-01-30 17:01:666 INFO  RegistrationPage:166 - Clicked On Next Location Button

2019-01-30 17:01:845 INFO  RegistrationPage:181 - Entered Location.
2019-01-30 17:01:963 INFO  RegistrationPage:186 - Entered Zip.
2019-01-30 17:01:236 INFO  RegistrationPage:198 - Clicked On Next Device Button.

2019-01-30 17:01:358 INFO  RegistrationPage:205 - Clicked On Last Step Button.

2019-01-30 17:01:531 INFO  RegistrationPage:211 - Entered Password
2019-01-30 17:01:642 INFO  RegistrationPage:213 - Entered Confirm Password
2019-01-30 17:01:743 INFO  RegistrationPage:217 - uTestTermsUseCheck has been selected
2019-01-30 17:01:875 INFO  RegistrationPage:224 - privacyAndSecurity has been selected
2019-01-30 17:01:947 INFO  RegistrationPage:230 - Clicked On Complete SetUp Button
2019-01-30 17:01:991 INFO  LoginPage:54 - Clicked on sign in button from home page

2019-01-30 17:01:74 INFO  LoginPage:60 - Passed UserName  : bahubalipr.cse007@gmail.com
2019-01-30 17:01:129 INFO  LoginPage:63 - Passed User Password  : Bahubali@1111

2019-01-30 17:01:236 INFO  LoginPage:73 - rememberCheckBox is displayed and clicked.

2019-01-30 17:01:274 INFO  LoginPage:86 - Forgot Password?Link is visible 

2019-01-30 17:01:873 INFO  LoginPage:93 - Clicked On SingIn Button from the home page

2019-01-30 17:01:443 INFO  LoginPage:100 - Successfully Logged In
2019-01-30 17:01:00 INFO  RegistrationPage:120 - Clicked on Signup button from the home page

2019-01-30 17:01:715 INFO  RegistrationPage:124 - Entered User Name : [[ChromeDriver: chrome on XP (079f86b7049900e7a33e64f183c65398)] -> xpath: .//input[@name='firstName']]
2019-01-30 17:01:858 INFO  RegistrationPage:128 - Entered Last Name : [[ChromeDriver: chrome on XP (079f86b7049900e7a33e64f183c65398)] -> xpath: .//input[@name='lastName']]
2019-01-30 17:01:988 INFO  RegistrationPage:132 - Entered Email Address : [[ChromeDriver: chrome on XP (079f86b7049900e7a33e64f183c65398)] -> xpath: .//input[@name='email']]

2019-01-30 17:01:161 INFO  RegistrationPage:147 - Selected Month
2019-01-30 17:01:337 INFO  RegistrationPage:152 - Selected Day
2019-01-30 17:01:767 INFO  RegistrationPage:157 - Selected Year

2019-01-30 17:01:927 INFO  RegistrationPage:162 - Selected Gender

2019-01-30 17:01:90 INFO  RegistrationPage:166 - Clicked On Next Location Button

2019-01-30 17:01:261 INFO  RegistrationPage:181 - Entered Location.
2019-01-30 17:01:388 INFO  RegistrationPage:186 - Entered Zip.
2019-01-30 17:01:585 INFO  RegistrationPage:198 - Clicked On Next Device Button.

2019-01-30 17:01:42 INFO  RegistrationPage:205 - Clicked On Last Step Button.

2019-01-30 17:01:219 INFO  RegistrationPage:211 - Entered Password
2019-01-30 17:01:327 INFO  RegistrationPage:213 - Entered Confirm Password
2019-01-30 17:01:426 INFO  RegistrationPage:217 - uTestTermsUseCheck has been selected
2019-01-30 17:01:527 INFO  RegistrationPage:224 - privacyAndSecurity has been selected
2019-01-30 17:01:709 INFO  RegistrationPage:230 - Clicked On Complete SetUp Button
2019-01-30 17:01:204 INFO  LoginPage:54 - Clicked on sign in button from home page

2019-01-30 17:01:292 INFO  LoginPage:60 - Passed UserName  : bahubalipr.cse007@gmail.com
2019-01-30 17:01:349 INFO  LoginPage:63 - Passed User Password  : Bahubali@1111

2019-01-30 17:01:433 INFO  LoginPage:73 - rememberCheckBox is displayed and clicked.

2019-01-30 17:01:492 INFO  LoginPage:86 - Forgot Password?Link is visible 

2019-01-30 17:01:704 INFO  LoginPage:93 - Clicked On SingIn Button from the home page

2019-01-30 17:01:778 INFO  LoginPage:100 - Successfully Logged In
2019-01-30 17:01:763 INFO  RegistrationPage:120 - Clicked on Signup button from the home page

2019-01-30 17:01:450 INFO  RegistrationPage:124 - Entered User Name : [[ChromeDriver: chrome on XP (8eb29e0b4dacae2b732f27bfcf85fe7a)] -> xpath: .//input[@name='firstName']]
2019-01-30 17:01:574 INFO  RegistrationPage:128 - Entered Last Name : [[ChromeDriver: chrome on XP (8eb29e0b4dacae2b732f27bfcf85fe7a)] -> xpath: .//input[@name='lastName']]
2019-01-30 17:01:690 INFO  RegistrationPage:132 - Entered Email Address : [[ChromeDriver: chrome on XP (8eb29e0b4dacae2b732f27bfcf85fe7a)] -> xpath: .//input[@name='email']]

2019-01-30 17:01:910 INFO  RegistrationPage:147 - Selected Month
2019-01-30 17:01:102 INFO  RegistrationPage:152 - Selected Day
2019-01-30 17:01:521 INFO  RegistrationPage:157 - Selected Year

2019-01-30 17:01:701 INFO  RegistrationPage:162 - Selected Gender

2019-01-30 17:01:890 INFO  RegistrationPage:166 - Clicked On Next Location Button

2019-01-30 17:01:38 INFO  RegistrationPage:181 - Entered Location.
2019-01-30 17:01:177 INFO  RegistrationPage:186 - Entered Zip.
2019-01-30 17:01:460 INFO  RegistrationPage:198 - Clicked On Next Device Button.

2019-01-30 17:01:890 INFO  RegistrationPage:205 - Clicked On Last Step Button.

2019-01-30 17:01:106 INFO  RegistrationPage:211 - Entered Password
2019-01-30 17:01:148 INFO  RegistrationPage:213 - Entered Confirm Password
2019-01-30 17:01:240 INFO  RegistrationPage:217 - uTestTermsUseCheck has been selected
2019-01-30 17:01:306 INFO  RegistrationPage:224 - privacyAndSecurity has been selected
2019-01-30 17:01:375 INFO  RegistrationPage:230 - Clicked On Complete SetUp Button
2019-01-30 17:01:799 INFO  LoginPage:54 - Clicked on sign in button from home page

2019-01-30 17:01:892 INFO  LoginPage:60 - Passed UserName  : bahubalipr.cse007@gmail.com
2019-01-30 17:01:945 INFO  LoginPage:63 - Passed User Password  : Bahubali@1111

2019-01-30 17:01:32 INFO  LoginPage:73 - rememberCheckBox is displayed and clicked.

2019-01-30 17:01:86 INFO  LoginPage:86 - Forgot Password?Link is visible 

2019-01-30 17:01:455 INFO  LoginPage:93 - Clicked On SingIn Button from the home page

2019-01-30 17:01:42 INFO  LoginPage:100 - Successfully Logged In
2019-01-30 18:01:838 INFO  RegistrationPage:120 - Clicked on Signup button from the home page

2019-01-30 18:01:108 INFO  RegistrationPage:124 - Entered User Name : [[ChromeDriver: chrome on XP (8c2a4b5f3e37a87541fccae8149b634c)] -> xpath: .//input[@name='firstName']]
2019-01-30 18:01:252 INFO  RegistrationPage:128 - Entered Last Name : [[ChromeDriver: chrome on XP (8c2a4b5f3e37a87541fccae8149b634c)] -> xpath: .//input[@name='lastName']]
2019-01-30 18:01:377 INFO  RegistrationPage:132 - Entered Email Address : [[ChromeDriver: chrome on XP (8c2a4b5f3e37a87541fccae8149b634c)] -> xpath: .//input[@name='email']]

2019-01-30 18:01:563 INFO  RegistrationPage:147 - Selected Month
2019-01-30 18:01:737 INFO  RegistrationPage:152 - Selected Day
2019-01-30 18:01:226 INFO  RegistrationPage:157 - Selected Year

2019-01-30 18:01:400 INFO  RegistrationPage:162 - Selected Gender

2019-01-30 18:01:596 INFO  RegistrationPage:166 - Clicked On Next Location Button

2019-01-30 18:01:737 INFO  RegistrationPage:181 - Entered Location.
2019-01-30 18:01:883 INFO  RegistrationPage:186 - Entered Zip.
2019-01-30 18:01:457 INFO  RegistrationPage:198 - Clicked On Next Device Button.

2019-01-30 18:01:251 INFO  RegistrationPage:205 - Clicked On Last Step Button.

2019-01-30 18:01:975 INFO  RegistrationPage:211 - Entered Password
2019-01-30 18:01:136 INFO  RegistrationPage:213 - Entered Confirm Password
2019-01-30 18:01:468 INFO  RegistrationPage:217 - uTestTermsUseCheck has been selected
2019-01-30 18:01:561 INFO  RegistrationPage:224 - privacyAndSecurity has been selected
2019-01-30 18:01:712 INFO  RegistrationPage:230 - Clicked On Complete SetUp Button
2019-01-30 18:01:493 INFO  LoginPage:54 - Clicked on sign in button from home page

2019-01-30 18:01:579 INFO  LoginPage:60 - Passed UserName  : bahubalipr.cse007@gmail.com
2019-01-30 18:01:667 INFO  LoginPage:63 - Passed User Password  : Bahubali@1111

2019-01-30 18:01:808 INFO  LoginPage:73 - rememberCheckBox is displayed and clicked.

2019-01-30 18:01:24 INFO  LoginPage:86 - Forgot Password?Link is visible 

2019-01-30 18:01:528 INFO  LoginPage:93 - Clicked On SingIn Button from the home page

2019-01-30 18:01:588 INFO  LoginPage:100 - Successfully Logged In
